{"numTotalTestSuites":2,"numPassedTestSuites":0,"numFailedTestSuites":2,"numPendingTestSuites":0,"numTotalTests":7,"numPassedTests":4,"numFailedTests":3,"numPendingTests":0,"numTodoTests":0,"snapshot":{"added":0,"failure":false,"filesAdded":0,"filesRemoved":0,"filesRemovedList":[],"filesUnmatched":0,"filesUpdated":0,"matched":0,"total":0,"unchecked":0,"uncheckedKeysByFile":[],"unmatched":0,"updated":0,"didUpdate":false},"startTime":1771555778803,"success":false,"testResults":[{"assertionResults":[{"ancestorTitles":["IntentClassifier"],"fullName":"IntentClassifier should classify greeting keywords correctly","status":"passed","title":"should classify greeting keywords correctly","duration":1.6096999999999753,"failureMessages":[],"meta":{}},{"ancestorTitles":["IntentClassifier"],"fullName":"IntentClassifier should classify freight quote keywords correctly","status":"passed","title":"should classify freight quote keywords correctly","duration":0.28739999999993415,"failureMessages":[],"meta":{}},{"ancestorTitles":["IntentClassifier"],"fullName":"IntentClassifier should classify order status keywords correctly","status":"passed","title":"should classify order status keywords correctly","duration":0.18780000000015207,"failureMessages":[],"meta":{}},{"ancestorTitles":["IntentClassifier"],"fullName":"IntentClassifier should classify human handoff keywords correctly","status":"passed","title":"should classify human handoff keywords correctly","duration":0.1936000000000604,"failureMessages":[],"meta":{}},{"ancestorTitles":["IntentClassifier"],"fullName":"IntentClassifier should fallback to human if confidence is low","status":"failed","title":"should fallback to human if confidence is low","duration":12.388200000000097,"failureMessages":["AssertionError: expected 'unknown' to be 'fallback_human' // Object.is equality\n    at C:/repos/projeto-condstore/src/modules/llm/__tests__/intent-classifier.test.ts:47:31\n    at processTicksAndRejections (node:internal/process/task_queues:103:5)\n    at file:///C:/repos/projeto-condstore/node_modules/@vitest/runner/dist/index.js:915:20"],"meta":{}},{"ancestorTitles":["IntentClassifier"],"fullName":"IntentClassifier should rate limit frequent requests from same number","status":"failed","title":"should rate limit frequent requests from same number","duration":1.9031999999999698,"failureMessages":["AssertionError: expected 'baseline' to be 'rate_limited' // Object.is equality\n    at C:/repos/projeto-condstore/src/modules/llm/__tests__/intent-classifier.test.ts:61:31\n    at processTicksAndRejections (node:internal/process/task_queues:103:5)\n    at file:///C:/repos/projeto-condstore/node_modules/@vitest/runner/dist/index.js:915:20"],"meta":{}},{"ancestorTitles":["IntentClassifier"],"fullName":"IntentClassifier should fallback to stub LLM (unknown) for unrecognized text","status":"failed","title":"should fallback to stub LLM (unknown) for unrecognized text","duration":0.8583000000000993,"failureMessages":["AssertionError: expected 'unknown' to be 'fallback_human' // Object.is equality\n    at C:/repos/projeto-condstore/src/modules/llm/__tests__/intent-classifier.test.ts:68:31\n    at processTicksAndRejections (node:internal/process/task_queues:103:5)\n    at file:///C:/repos/projeto-condstore/node_modules/@vitest/runner/dist/index.js:915:20"],"meta":{}}],"startTime":1771555779903,"endTime":1771555779920.8584,"status":"failed","message":"","name":"C:/repos/projeto-condstore/src/modules/llm/__tests__/intent-classifier.test.ts"}]}